<?xml version="1.0" encoding="UTF-8"?>
<testng-results ignored="0" total="1" passed="1" failed="0" skipped="0">
  <reporter-output>
  </reporter-output>
  <suite started-at="2022-03-26T10:53:05 CST" name="Default suite" finished-at="2022-03-26T10:53:14 CST" duration-ms="9383">
    <groups>
    </groups>
    <test started-at="2022-03-26T10:53:05 CST" name="Default test" finished-at="2022-03-26T10:53:14 CST" duration-ms="9383">
      <class name="test.TestSel">
        <test-method signature="f()[pri:0, instance:test.TestSel@5c30a9b0]" started-at="2022-03-26T10:53:05 CST" name="f" finished-at="2022-03-26T10:53:14 CST" duration-ms="9329" status="PASS">
          <reporter-output>
          </reporter-output>
        </test-method> <!-- f -->
      </class> <!-- test.TestSel -->
    </test> <!-- Default test -->
  </suite> <!-- Default suite -->
</testng-results>
